<?xml version="1.0" encoding="UTF-8"?>
<testsuite name="regression Test"
           tests="2"
           failures="0"
           errors="0"
           skipped="0"
           time="10.186">
  <properties />
  
  
            <testcase name="verifyThatUserRegisterAccountSuccessfully" time="8.371" classname="com.tutorialsninja.testsuite.RegisterPageTest" />
                <testcase name="verifyUserShouldNavigateToRegisterPageSuccessfully" time="1.815" classname="com.tutorialsninja.testsuite.RegisterPageTest" />
      
</testsuite>
