<?xml version="1.0" encoding="UTF-8"?>
<testsuite name="regression Test"
           tests="2"
           failures="0"
           errors="0"
           skipped="0"
           time="6.736">
  <properties />
  
  
            <testcase name="verifyThatUserShouldLoginAndLogoutSuccessfully" time="5.591" classname="com.tutorialsninja.testsuite.LoginPageTest" />
                <testcase name="verifyUserShouldNavigateToLoginPageSuccessfully" time="1.145" classname="com.tutorialsninja.testsuite.LoginPageTest" />
      
</testsuite>
