<?xml version="1.0" encoding="UTF-8"?>
<testsuite name="regression Test"
           tests="3"
           failures="0"
           errors="0"
           skipped="0"
           time="45.355">
  <properties />
  
  
            <testcase name="verifyUserShouldNavigateToComponentsPageSuccessfully" time="21.350" classname="com.tutorialsninja.testsuite.HomePageTest" />
                <testcase name="verifyUserShouldNavigateToDesktopsPageSuccessfully" time="1.481" classname="com.tutorialsninja.testsuite.HomePageTest" />
                <testcase name="verifyUserShouldNavigateToLaptopsAndNotebooksPageSuccessfully" time="22.524" classname="com.tutorialsninja.testsuite.HomePageTest" />
      
</testsuite>
