<?xml version="1.0" encoding="UTF-8"?>
<testsuite name="regression Test"
           tests="2"
           failures="0"
           errors="0"
           skipped="0"
           time="24.508">
  <properties />
  
  
            <testcase name="verifyProductArrangeInAlphabeticalOrder" time="2.390" classname="com.tutorialsninja.testsuite.DesktopPageTest" />
                <testcase name="verifyProductAddedToShoppingCartSuccessFully" time="22.118" classname="com.tutorialsninja.testsuite.DesktopPageTest" />
      
</testsuite>
